This is pdfTeX, Version 3.1415926-2.5-1.40.14 (MiKTeX 2.9 64-bit) (preloaded format=pdflatex 2015.6.3)  13 JUL 2015 00:19
entering extended mode
**Image_part.tex

("C:\Users\SAGAR\Desktop\EYSIP - githup - PID\Image_processing_based_PID\Image_
part.tex"
LaTeX2e <2011/06/27>
Babel <v3.8m> and hyphenation patterns for english, afrikaans, ancientgreek, ar
abic, armenian, assamese, basque, bengali, bokmal, bulgarian, catalan, coptic, 
croatian, czech, danish, dutch, esperanto, estonian, farsi, finnish, french, ga
lician, german, german-x-2013-05-26, greek, gujarati, hindi, hungarian, iceland
ic, indonesian, interlingua, irish, italian, kannada, kurmanji, latin, latvian,
 lithuanian, malayalam, marathi, mongolian, mongolianlmc, monogreek, ngerman, n
german-x-2013-05-26, nynorsk, oriya, panjabi, pinyin, polish, portuguese, roman
ian, russian, sanskrit, serbian, slovak, slovenian, spanish, swedish, swissgerm
an, tamil, telugu, turkish, turkmen, ukenglish, ukrainian, uppersorbian, usengl
ishmax, welsh, loaded.
("C:\Program Files\MiKTeX 2.9\tex\latex\resume\res.cls"
Document Style `res' <26 Sep 89>.
Document Class: res 2000/05/19 v1.4b Resume class
("C:\Program Files\MiKTeX 2.9\tex\latex\base\article.cls"
Document Class: article 2007/10/19 v1.4h Standard LaTeX document class
("C:\Program Files\MiKTeX 2.9\tex\latex\base\size10.clo"
File: size10.clo 2007/10/19 v1.4h Standard LaTeX file (size option)
)
\c@part=\count79
\c@section=\count80
\c@subsection=\count81
\c@subsubsection=\count82
\c@paragraph=\count83
\c@subparagraph=\count84
\c@figure=\count85
\c@table=\count86
\abovecaptionskip=\skip41
\belowcaptionskip=\skip42
\bibindent=\dimen102
)
No auxiliary output files.

\tabular@text=\toks14
\tabular@head=\toks15
\tabular@tail=\toks16
\@ta=\toks17
\undefined@token=\toks18
\sectionwidth=\dimen103
\sectionskip=\skip43
\resumewidth=\dimen104
\@columnwidth=\dimen105
\c@numberofcolumns=\count87
) ("C:\Program Files\MiKTeX 2.9\tex\latex\hyperref\hyperref.sty"
Package: hyperref 2012/11/06 v6.83m Hypertext links for LaTeX

("C:\Program Files\MiKTeX 2.9\tex\generic\oberdiek\hobsub-hyperref.sty"
Package: hobsub-hyperref 2012/04/25 v1.12 Bundle oberdiek, subset hyperref (HO)


("C:\Program Files\MiKTeX 2.9\tex\generic\oberdiek\hobsub-generic.sty"
Package: hobsub-generic 2012/04/25 v1.12 Bundle oberdiek, subset generic (HO)
Package: hobsub 2012/04/25 v1.12 Construct package bundles (HO)
Package: infwarerr 2010/04/08 v1.3 Providing info/warning/error messages (HO)
Package: ltxcmds 2011/11/09 v1.22 LaTeX kernel commands for general use (HO)
Package: ifluatex 2010/03/01 v1.3 Provides the ifluatex switch (HO)
Package ifluatex Info: LuaTeX not detected.
Package: ifvtex 2010/03/01 v1.5 Detect VTeX and its facilities (HO)
Package ifvtex Info: VTeX not detected.
Package: intcalc 2007/09/27 v1.1 Expandable calculations with integers (HO)
Package: ifpdf 2011/01/30 v2.3 Provides the ifpdf switch (HO)
Package ifpdf Info: pdfTeX in PDF mode is detected.
Package: etexcmds 2011/02/16 v1.5 Avoid name clashes with e-TeX commands (HO)
Package etexcmds Info: Could not find \expanded.
(etexcmds)             That can mean that you are not using pdfTeX 1.50 or
(etexcmds)             that some package has redefined \expanded.
(etexcmds)             In the latter case, load this package earlier.
Package: kvsetkeys 2012/04/25 v1.16 Key value parser (HO)
Package: kvdefinekeys 2011/04/07 v1.3 Define keys (HO)
Package: pdftexcmds 2011/11/29 v0.20 Utility functions of pdfTeX for LuaTeX (HO
)
Package pdftexcmds Info: LuaTeX not detected.
Package pdftexcmds Info: \pdf@primitive is available.
Package pdftexcmds Info: \pdf@ifprimitive is available.
Package pdftexcmds Info: \pdfdraftmode found.
Package: pdfescape 2011/11/25 v1.13 Implements pdfTeX's escape features (HO)
Package: bigintcalc 2012/04/08 v1.3 Expandable calculations on big integers (HO
)
Package: bitset 2011/01/30 v1.1 Handle bit-vector datatype (HO)
Package: uniquecounter 2011/01/30 v1.2 Provide unlimited unique counter (HO)
)
Package hobsub Info: Skipping package `hobsub' (already loaded).
Package: letltxmacro 2010/09/02 v1.4 Let assignment for LaTeX macros (HO)
Package: hopatch 2011/06/24 v1.1 Wrapper for package hooks (HO)
Package: xcolor-patch 2011/01/30 xcolor patch
Package: atveryend 2011/06/30 v1.8 Hooks at the very end of document (HO)
Package atveryend Info: \enddocument detected (standard20110627).
Package: atbegshi 2011/10/05 v1.16 At begin shipout hook (HO)
Package: refcount 2011/10/16 v3.4 Data extraction from label references (HO)
Package: hycolor 2011/01/30 v1.7 Color options for hyperref/bookmark (HO)
)
("C:\Program Files\MiKTeX 2.9\tex\latex\graphics\keyval.sty"
Package: keyval 1999/03/16 v1.13 key=value parser (DPC)
\KV@toks@=\toks19
)
("C:\Program Files\MiKTeX 2.9\tex\generic\ifxetex\ifxetex.sty"
Package: ifxetex 2010/09/12 v0.6 Provides ifxetex conditional
)
("C:\Program Files\MiKTeX 2.9\tex\latex\oberdiek\auxhook.sty"
Package: auxhook 2011/03/04 v1.3 Hooks for auxiliary files (HO)
)
("C:\Program Files\MiKTeX 2.9\tex\latex\oberdiek\kvoptions.sty"
Package: kvoptions 2011/06/30 v3.11 Key value format for package options (HO)
)
\@linkdim=\dimen106
\Hy@linkcounter=\count88
\Hy@pagecounter=\count89

("C:\Program Files\MiKTeX 2.9\tex\latex\hyperref\pd1enc.def"
File: pd1enc.def 2012/11/06 v6.83m Hyperref: PDFDocEncoding definition (HO)
)
\Hy@SavedSpaceFactor=\count90

("C:\Program Files\MiKTeX 2.9\tex\latex\00miktex\hyperref.cfg"
File: hyperref.cfg 2002/06/06 v1.2 hyperref configuration of TeXLive
)
Package hyperref Info: Hyper figures OFF on input line 4443.
Package hyperref Info: Link nesting OFF on input line 4448.
Package hyperref Info: Hyper index ON on input line 4451.
Package hyperref Info: Plain pages OFF on input line 4458.
Package hyperref Info: Backreferencing OFF on input line 4463.
Package hyperref Info: Implicit mode ON; LaTeX internals redefined.
Package hyperref Info: Bookmarks ON on input line 4688.
\c@Hy@tempcnt=\count91

("C:\Program Files\MiKTeX 2.9\tex\latex\url\url.sty"
\Urlmuskip=\muskip10
Package: url 2013/09/16  ver 3.4  Verb mode for urls, etc.
)
LaTeX Info: Redefining \url on input line 5041.
\XeTeXLinkMargin=\dimen107
\Fld@menulength=\count92
\Field@Width=\dimen108
\Fld@charsize=\dimen109
Package hyperref Info: Hyper figures OFF on input line 6295.
Package hyperref Info: Link nesting OFF on input line 6300.
Package hyperref Info: Hyper index ON on input line 6303.
Package hyperref Info: backreferencing OFF on input line 6310.
Package hyperref Info: Link coloring OFF on input line 6315.
Package hyperref Info: Link coloring with OCG OFF on input line 6320.
Package hyperref Info: PDF/A mode OFF on input line 6325.
LaTeX Info: Redefining \ref on input line 6365.
LaTeX Info: Redefining \pageref on input line 6369.
\Hy@abspage=\count93
\c@Item=\count94
\c@Hfootnote=\count95
)

Package hyperref Message: Driver (autodetected): hpdftex.

("C:\Program Files\MiKTeX 2.9\tex\latex\hyperref\hpdftex.def"
File: hpdftex.def 2012/11/06 v6.83m Hyperref driver for pdfTeX
\Fld@listcount=\count96
\c@bookmark@seq@number=\count97

("C:\Program Files\MiKTeX 2.9\tex\latex\oberdiek\rerunfilecheck.sty"
Package: rerunfilecheck 2011/04/15 v1.7 Rerun checks for auxiliary files (HO)
Package uniquecounter Info: New unique counter `rerunfilecheck' on input line 2
82.
)
\Hy@SectionHShift=\skip44
)
("C:\Program Files\MiKTeX 2.9\tex\latex\tools\array.sty"
Package: array 2008/09/09 v2.4c Tabular extension package (FMi)
\col@sep=\dimen110
\extrarowheight=\dimen111
\NC@list=\toks20
\extratabsurround=\skip45
\backup@length=\skip46
)
("C:\Program Files\MiKTeX 2.9\tex\latex\graphics\graphicx.sty"
Package: graphicx 1999/02/16 v1.0f Enhanced LaTeX Graphics (DPC,SPQR)

("C:\Program Files\MiKTeX 2.9\tex\latex\graphics\graphics.sty"
Package: graphics 2009/02/05 v1.0o Standard LaTeX Graphics (DPC,SPQR)

("C:\Program Files\MiKTeX 2.9\tex\latex\graphics\trig.sty"
Package: trig 1999/03/16 v1.09 sin cos tan (DPC)
)
("C:\Program Files\MiKTeX 2.9\tex\latex\00miktex\graphics.cfg"
File: graphics.cfg 2007/01/18 v1.5 graphics configuration of teTeX/TeXLive
)
Package graphics Info: Driver file: pdftex.def on input line 91.

("C:\Program Files\MiKTeX 2.9\tex\latex\pdftex-def\pdftex.def"
File: pdftex.def 2011/05/27 v0.06d Graphics/color for pdfTeX
\Gread@gobject=\count98
))
\Gin@req@height=\dimen112
\Gin@req@width=\dimen113
)
("C:\Program Files\MiKTeX 2.9\tex\latex\listings\listings.sty"
\lst@mode=\count99
\lst@gtempboxa=\box26
\lst@token=\toks21
\lst@length=\count100
\lst@currlwidth=\dimen114
\lst@column=\count101
\lst@pos=\count102
\lst@lostspace=\dimen115
\lst@width=\dimen116
\lst@newlines=\count103
\lst@lineno=\count104
\lst@maxwidth=\dimen117

("C:\Program Files\MiKTeX 2.9\tex\latex\listings\lstmisc.sty"
File: lstmisc.sty 2015/06/04 1.6 (Carsten Heinz)
\c@lstnumber=\count105
\lst@skipnumbers=\count106
\lst@framebox=\box27
)
("C:\Program Files\MiKTeX 2.9\tex\latex\listings\listings.cfg"
File: listings.cfg 2015/06/04 1.6 listings configuration
))
Package: listings 2015/06/04 1.6 (Carsten Heinz)
Package hyperref Info: Option `colorlinks' set `true' on input line 11.


LaTeX Warning: Unused global option(s):
    [report].


("C:\Users\SAGAR\Desktop\EYSIP - githup - PID\Image_processing_based_PID\Image_
part.aux")
LaTeX Font Info:    Checking defaults for OML/cmm/m/it on input line 17.
LaTeX Font Info:    ... okay on input line 17.
LaTeX Font Info:    Checking defaults for T1/cmr/m/n on input line 17.
LaTeX Font Info:    ... okay on input line 17.
LaTeX Font Info:    Checking defaults for OT1/cmr/m/n on input line 17.
LaTeX Font Info:    ... okay on input line 17.
LaTeX Font Info:    Checking defaults for OMS/cmsy/m/n on input line 17.
LaTeX Font Info:    ... okay on input line 17.
LaTeX Font Info:    Checking defaults for OMX/cmex/m/n on input line 17.
LaTeX Font Info:    ... okay on input line 17.
LaTeX Font Info:    Checking defaults for U/cmr/m/n on input line 17.
LaTeX Font Info:    ... okay on input line 17.
LaTeX Font Info:    Checking defaults for PD1/pdf/m/n on input line 17.
LaTeX Font Info:    ... okay on input line 17.
\AtBeginShipoutBox=\box28
 ("C:\Program Files\MiKTeX 2.9\tex\latex\graphics\color.sty"
Package: color 2005/11/14 v1.0j Standard LaTeX Color (DPC)

("C:\Program Files\MiKTeX 2.9\tex\latex\00miktex\color.cfg"
File: color.cfg 2007/01/18 v1.5 color configuration of teTeX/TeXLive
)
Package color Info: Driver file: pdftex.def on input line 130.
)
Package hyperref Info: Link coloring ON on input line 17.

("C:\Program Files\MiKTeX 2.9\tex\latex\hyperref\nameref.sty"
Package: nameref 2012/10/27 v2.43 Cross-referencing by name of section

("C:\Program Files\MiKTeX 2.9\tex\generic\oberdiek\gettitlestring.sty"
Package: gettitlestring 2010/12/03 v1.4 Cleanup title references (HO)
)
\c@section@level=\count107
)
LaTeX Info: Redefining \ref on input line 17.
LaTeX Info: Redefining \pageref on input line 17.
LaTeX Info: Redefining \nameref on input line 17.

("C:\Program Files\MiKTeX 2.9\tex\context\base\supp-pdf.mkii"
[Loading MPS to PDF converter (version 2006.09.02).]
\scratchcounter=\count108
\scratchdimen=\dimen118
\scratchbox=\box29
\nofMPsegments=\count109
\nofMParguments=\count110
\everyMPshowfont=\toks22
\MPscratchCnt=\count111
\MPscratchDim=\dimen119
\MPnumerator=\count112
\makeMPintoPDFobject=\count113
\everyMPtoPDFconversion=\toks23
)
\c@lstlisting=\count114
LaTeX Font Info:    External font `cmex10' loaded for size
(Font)              <7> on input line 58.
LaTeX Font Info:    External font `cmex10' loaded for size
(Font)              <5> on input line 58.
 [1

{C:/ProgramData/MiKTeX/2.9/pdftex/config/pdftex.map}]
Underfull \hbox (badness 10000) in paragraph at lines 97--98

 []


Underfull \hbox (badness 10000) in paragraph at lines 97--98

 []

pdfTeX warning (ext4): destination with the same identifier (name{page.1}) has 
been already used, duplicate ignored
<to be read again> 
                   \relax 
l.117 
       [1]
LaTeX Font Info:    Try loading font information for OMS+cmr on input line 125.

 ("C:\Program Files\MiKTeX 2.9\tex\latex\base\omscmr.fd"
File: omscmr.fd 1999/05/25 v2.5h Standard LaTeX font definitions
)
LaTeX Font Info:    Font shape `OMS/cmr/m/n' in size <10> not available
(Font)              Font shape `OMS/cmsy/m/n' tried instead on input line 125.
 [2]
Underfull \hbox (badness 10000) in paragraph at lines 138--139

 []


Overfull \hbox (73.94565pt too wide) in paragraph at lines 140--157
[][] 
 []


Underfull \hbox (badness 10000) in paragraph at lines 140--157

 []


Underfull \hbox (badness 10000) in paragraph at lines 140--157

 []

[3] [4]
Underfull \hbox (badness 10000) in paragraph at lines 190--191

 []

<graphics/hsv.jpg, id=42, 143.53625pt x 107.40125pt>
File: graphics/hsv.jpg Graphic file (type jpg)
 <use graphics/hsv.jpg>
Package pdftex.def Info: graphics/hsv.jpg used on input line 193.
(pdftex.def)             Requested size: 143.53589pt x 107.40097pt.
Missing character: There is no ‚ in font cmr10!
Missing character: There is no Ä in font cmr10!
Missing character: There is no ú in font cmr10!
Missing character: There is no ‚ in font cmr10!
Missing character: There is no Ä in font cmr10!
Missing character: There is no ù in font cmr10!

Underfull \hbox (badness 10000) in paragraph at lines 200--202

 []

<graphics/dilation.png, id=43, 398.99063pt x 160.34906pt>
File: graphics/dilation.png Graphic file (type png)

<use graphics/dilation.png>
Package pdftex.def Info: graphics/dilation.png used on input line 204.
(pdftex.def)             Requested size: 398.98965pt x 160.34866pt.
Missing character: There is no ‚ in font cmr10!
Missing character: There is no Ä in font cmr10!
Missing character: There is no ¢ in font cmr10!
 [5 <C:/Users/SAGAR/Desktop/EYSIP - githup - PID/Image_processing_based_PID/gra
phics/hsv.jpg> <C:/Users/SAGAR/Desktop/EYSIP - githup - PID/Image_processing_ba
sed_PID/graphics/dilation.png>]
Missing character: There is no ‚ in font cmr10!
Missing character: There is no Ä in font cmr10!
Missing character: There is no ¢ in font cmr10!
Missing character: There is no ‚ in font cmr10!
Missing character: There is no Ü in font cmr10!
Missing character: There is no í in font cmr10!

Overfull \hbox (202.38647pt too wide) in paragraph at lines 219--220
[][][][][][][][][][][][][][][][][][][][][][][][][][][][][][][][][] 
 []

Missing character: There is no ‚ in font cmr10!
Missing character: There is no Ü in font cmr10!
Missing character: There is no í in font cmr10!

Overfull \hbox (340.38788pt too wide) in paragraph at lines 223--224
[][][][][][][][][][][][][][][][][][][][][][][][][][][][][][][][][][][][][][] 
 []

Missing character: There is no ‚ in font cmr10!
Missing character: There is no Ä in font cmr10!
Missing character: There is no ô in font cmr10!

Underfull \hbox (badness 10000) in paragraph at lines 228--230

 []


Underfull \hbox (badness 10000) in paragraph at lines 242--244

 []

Missing character: There is no ‚ in font cmr10!
Missing character: There is no Ä in font cmr10!
Missing character: There is no ô in font cmr10!
Missing character: There is no ‚ in font cmr10!
Missing character: There is no Ä in font cmr10!
Missing character: There is no ô in font cmr10!
[6]
Underfull \hbox (badness 10000) in paragraph at lines 269--270

 []


Underfull \hbox (badness 10000) in paragraph at lines 277--279

 []

<graphics/pid.png, id=61, 616.55344pt x 346.29375pt>
File: graphics/pid.png Graphic file (type png)
 <use graphics/pid.png>
Package pdftex.def Info: graphics/pid.png used on input line 281.
(pdftex.def)             Requested size: 616.55193pt x 346.2929pt.

Overfull \hbox (207.93196pt too wide) in paragraph at lines 281--282
 [] 
 []

[7] [8 <C:/Users/SAGAR/Desktop/EYSIP - githup - PID/Image_processing_based_PID/
graphics/pid.png>]
Underfull \hbox (badness 10000) in paragraph at lines 293--294

 []


Underfull \hbox (badness 10000) in paragraph at lines 293--294

 []

<graphics/cam.jpg, id=76, 91.34125pt x 91.34125pt>
File: graphics/cam.jpg Graphic file (type jpg)
 <use graphics/cam.jpg>
Package pdftex.def Info: graphics/cam.jpg used on input line 300.
(pdftex.def)             Requested size: 91.34102pt x 91.34102pt.

Underfull \hbox (badness 10000) in paragraph at lines 305--306

 []

<graphics/pics/DSCN0034.jpg, id=77, 4625.28pt x 3468.96pt>
File: graphics/pics/DSCN0034.jpg Graphic file (type jpg)

<use graphics/pics/DSCN0034.jpg>
Package pdftex.def Info: graphics/pics/DSCN0034.jpg used on input line 308.
(pdftex.def)             Requested size: 231.27754pt x 173.45816pt.

<graphics/pics/DSCN0038.jpg, id=78, 4625.28pt x 3468.96pt>
File: graphics/pics/DSCN0038.jpg Graphic file (type jpg)

<use graphics/pics/DSCN0038.jpg>
Package pdftex.def Info: graphics/pics/DSCN0038.jpg used on input line 309.
(pdftex.def)             Requested size: 231.27754pt x 173.45816pt.
 [9 <C:/Users/SAGAR/Desktop/EYSIP - githup - PID/Image_processing_based_PID/gra
phics/cam.jpg> <C:/Users/SAGAR/Desktop/EYSIP - githup - PID/Image_processing_ba
sed_PID/graphics/pics/DSCN0034.jpg>] [10 <C:/Users/SAGAR/Desktop/EYSIP - githup
 - PID/Image_processing_based_PID/graphics/pics/DSCN0038.jpg>]
Underfull \hbox (badness 10000) in paragraph at lines 317--318

 []

<graphics/pics/DSCN0039.jpg, id=87, 4625.28pt x 3468.96pt>
File: graphics/pics/DSCN0039.jpg Graphic file (type jpg)

<use graphics/pics/DSCN0039.jpg>
Package pdftex.def Info: graphics/pics/DSCN0039.jpg used on input line 320.
(pdftex.def)             Requested size: 231.27754pt x 173.45816pt.

<graphics/pics/DSCN0040.jpg, id=88, 4625.28pt x 3468.96pt>
File: graphics/pics/DSCN0040.jpg Graphic file (type jpg)

<use graphics/pics/DSCN0040.jpg>
Package pdftex.def Info: graphics/pics/DSCN0040.jpg used on input line 321.
(pdftex.def)             Requested size: 231.27754pt x 173.45816pt.
 [11 <C:/Users/SAGAR/Desktop/EYSIP - githup - PID/Image_processing_based_PID/gr
aphics/pics/DSCN0039.jpg> <C:/Users/SAGAR/Desktop/EYSIP - githup - PID/Image_pr
ocessing_based_PID/graphics/pics/DSCN0040.jpg>]
Underfull \hbox (badness 10000) in paragraph at lines 329--330

 []

<graphics/pics/DSCN0045.jpg, id=93, 4625.28pt x 3468.96pt>
File: graphics/pics/DSCN0045.jpg Graphic file (type jpg)

<use graphics/pics/DSCN0045.jpg>
Package pdftex.def Info: graphics/pics/DSCN0045.jpg used on input line 332.
(pdftex.def)             Requested size: 231.27754pt x 173.45816pt.

<graphics/pics/DSCN0046.jpg, id=94, 4625.28pt x 3468.96pt>
File: graphics/pics/DSCN0046.jpg Graphic file (type jpg)

<use graphics/pics/DSCN0046.jpg>
Package pdftex.def Info: graphics/pics/DSCN0046.jpg used on input line 333.
(pdftex.def)             Requested size: 231.27754pt x 173.45816pt.
 [12 <C:/Users/SAGAR/Desktop/EYSIP - githup - PID/Image_processing_based_PID/gr
aphics/pics/DSCN0045.jpg> <C:/Users/SAGAR/Desktop/EYSIP - githup - PID/Image_pr
ocessing_based_PID/graphics/pics/DSCN0046.jpg>] <graphics/case1/cap_image.jpeg,
 id=100, 642.4pt x 481.8pt>
File: graphics/case1/cap_image.jpeg Graphic file (type jpg)

<use graphics/case1/cap_image.jpeg>
Package pdftex.def Info: graphics/case1/cap_image.jpeg used on input line 342.
(pdftex.def)             Requested size: 513.9207pt x 385.4405pt.

Overfull \hbox (80.3007pt too wide) in paragraph at lines 342--342
 [] 
 []

<graphics/case2/cap_image.jpeg, id=101, 642.4pt x 481.8pt>
File: graphics/case2/cap_image.jpeg Graphic file (type jpg)

<use graphics/case2/cap_image.jpeg>
Package pdftex.def Info: graphics/case2/cap_image.jpeg used on input line 343.
(pdftex.def)             Requested size: 513.9207pt x 385.4405pt.

Overfull \hbox (80.3007pt too wide) in paragraph at lines 343--343
 [][] 
 []

[13 <C:/Users/SAGAR/Desktop/EYSIP - githup - PID/Image_processing_based_PID/gra
phics/case1/cap_image.jpeg>] [14 <C:/Users/SAGAR/Desktop/EYSIP - githup - PID/I
mage_processing_based_PID/graphics/case2/cap_image.jpeg>]
Missing character: There is no ‚ in font cmr10!
Missing character: There is no Ä in font cmr10!
Missing character: There is no ô in font cmr10!
 [15] [16]
<graphics/case1/have_video.jpeg, id=118, 642.4pt x 481.8pt>
File: graphics/case1/have_video.jpeg Graphic file (type jpg)

<use graphics/case1/have_video.jpeg>
Package pdftex.def Info: graphics/case1/have_video.jpeg used on input line 408.

(pdftex.def)             Requested size: 513.9207pt x 385.4405pt.

Overfull \hbox (80.3007pt too wide) in paragraph at lines 408--408
 [] 
 []

[17 <C:/Users/SAGAR/Desktop/EYSIP - githup - PID/Image_processing_based_PID/gra
phics/case1/have_video.jpeg>]
<graphics/case1/destination_mask.jpeg, id=123, 642.4pt x 481.8pt>
File: graphics/case1/destination_mask.jpeg Graphic file (type jpg)

<use graphics/case1/destination_mask.jpeg>
Package pdftex.def Info: graphics/case1/destination_mask.jpeg used on input lin
e 419.
(pdftex.def)             Requested size: 513.9207pt x 385.4405pt.

Overfull \hbox (80.3007pt too wide) in paragraph at lines 419--419
 [] 
 []

[18 <C:/Users/SAGAR/Desktop/EYSIP - githup - PID/Image_processing_based_PID/gra
phics/case1/destination_mask.jpeg>]
<graphics/case1/slave_mask.jpeg, id=129, 481.8pt x 361.35pt>
File: graphics/case1/slave_mask.jpeg Graphic file (type jpg)

<use graphics/case1/slave_mask.jpeg>
Package pdftex.def Info: graphics/case1/slave_mask.jpeg used on input line 430.

(pdftex.def)             Requested size: 481.79881pt x 361.34912pt.

Overfull \hbox (48.17882pt too wide) in paragraph at lines 430--430
 [] 
 []

[19 <C:/Users/SAGAR/Desktop/EYSIP - githup - PID/Image_processing_based_PID/gra
phics/case1/slave_mask.jpeg>]
<graphics/case1/walls_mask.jpeg, id=134, 642.4pt x 481.8pt>
File: graphics/case1/walls_mask.jpeg Graphic file (type jpg)

<use graphics/case1/walls_mask.jpeg>
Package pdftex.def Info: graphics/case1/walls_mask.jpeg used on input line 441.

(pdftex.def)             Requested size: 513.9207pt x 385.4405pt.

Overfull \hbox (80.3007pt too wide) in paragraph at lines 441--441
 [] 
 []

[20 <C:/Users/SAGAR/Desktop/EYSIP - githup - PID/Image_processing_based_PID/gra
phics/case1/walls_mask.jpeg>]
<graphics/case1/walls_mask11.jpg, id=139, 642.4pt x 481.8pt>
File: graphics/case1/walls_mask11.jpg Graphic file (type jpg)

<use graphics/case1/walls_mask11.jpg>
Package pdftex.def Info: graphics/case1/walls_mask11.jpg used on input line 452
.
(pdftex.def)             Requested size: 513.9207pt x 385.4405pt.

Overfull \hbox (80.3007pt too wide) in paragraph at lines 452--452
 [] 
 []

[21 <C:/Users/SAGAR/Desktop/EYSIP - githup - PID/Image_processing_based_PID/gra
phics/case1/walls_mask11.jpg>]
Underfull \hbox (badness 10000) in paragraph at lines 460--461

 []

<graphics/grid_map.png, id=144, 506.6428pt x 383.93437pt>
File: graphics/grid_map.png Graphic file (type png)

<use graphics/grid_map.png>
Package pdftex.def Info: graphics/grid_map.png used on input line 463.
(pdftex.def)             Requested size: 405.31479pt x 307.1479pt.
 [22 <C:/Users/SAGAR/Desktop/EYSIP - githup - PID/Image_processing_based_PID/gr
aphics/grid_map.png>]
Underfull \hbox (badness 10000) in paragraph at lines 471--472

 []

<graphics/case1/path_route.jpeg, id=149, 642.4pt x 481.8pt>
File: graphics/case1/path_route.jpeg Graphic file (type jpg)

<use graphics/case1/path_route.jpeg>
Package pdftex.def Info: graphics/case1/path_route.jpeg used on input line 474.

(pdftex.def)             Requested size: 513.9207pt x 385.4405pt.

Overfull \hbox (80.3007pt too wide) in paragraph at lines 474--474
 [] 
 []

[23 <C:/Users/SAGAR/Desktop/EYSIP - githup - PID/Image_processing_based_PID/gra
phics/case1/path_route.jpeg>]
Underfull \hbox (badness 10000) in paragraph at lines 484--486

 []

<graphics/pid_error.png, id=154, 328.22626pt x 263.48438pt>
File: graphics/pid_error.png Graphic file (type png)

<use graphics/pid_error.png>
Package pdftex.def Info: graphics/pid_error.png used on input line 488.
(pdftex.def)             Requested size: 426.69408pt x 342.52963pt.
 [24 <C:/Users/SAGAR/Desktop/EYSIP - githup - PID/Image_processing_based_PID/gr
aphics/pid_error.png>]
Underfull \hbox (badness 10000) in paragraph at lines 501--502

 []

<graphics/drawing1.jpg, id=160, 324.46219pt x 373.395pt>
File: graphics/drawing1.jpg Graphic file (type jpg)

<use graphics/drawing1.jpg>
Package pdftex.def Info: graphics/drawing1.jpg used on input line 504.
(pdftex.def)             Requested size: 454.24394pt x 522.74944pt.

Overfull \hbox (20.62395pt too wide) in paragraph at lines 504--504
 [] 
 []


Underfull \hbox (badness 10000) in paragraph at lines 507--508

 []

<graphics/drawing2.jpg, id=161, 205.5178pt x 417.81094pt>
File: graphics/drawing2.jpg Graphic file (type jpg)

<use graphics/drawing2.jpg>
Package pdftex.def Info: graphics/drawing2.jpg used on input line 510.
(pdftex.def)             Requested size: 267.17311pt x 543.15416pt.
 [25 <C:/Users/SAGAR/Desktop/EYSIP - githup - PID/Image_processing_based_PID/gr
aphics/drawing1.jpg>] [26 <C:/Users/SAGAR/Desktop/EYSIP - githup - PID/Image_pr
ocessing_based_PID/graphics/drawing2.jpg>]
Underfull \hbox (badness 10000) in paragraph at lines 516--517

 []


Underfull \hbox (badness 10000) in paragraph at lines 516--517

 []

<graphics/movement_flow.png, id=170, 506.6428pt x 654.19406pt>
File: graphics/movement_flow.png Graphic file (type png)

<use graphics/movement_flow.png>
Package pdftex.def Info: graphics/movement_flow.png used on input line 519.
(pdftex.def)             Requested size: 405.31479pt x 523.35596pt.

<graphics/movement_flow2.jpg, id=171, 506.6428pt x 586.44093pt>
File: graphics/movement_flow2.jpg Graphic file (type jpg)

<use graphics/movement_flow2.jpg>
Package pdftex.def Info: graphics/movement_flow2.jpg used on input line 520.
(pdftex.def)             Requested size: 557.3088pt x 645.087pt.

Overfull \hbox (123.68881pt too wide) in paragraph at lines 520--520
 [][] 
 []

[27 <C:/Users/SAGAR/Desktop/EYSIP - githup - PID/Image_processing_based_PID/gra
phics/movement_flow.png>] [28 <C:/Users/SAGAR/Desktop/EYSIP - githup - PID/Imag
e_processing_based_PID/graphics/movement_flow2.jpg>] [29] [30]
Package atveryend Info: Empty hook `BeforeClearDocument' on input line 574.
 [31]
Package atveryend Info: Empty hook `AfterLastShipout' on input line 574.
Package atveryend Info: Executing hook `AtVeryEndDocument' on input line 574.
Package atveryend Info: Empty hook `AtEndAfterFileList' on input line 574.
Package atveryend Info: Empty hook `AtVeryVeryEnd' on input line 574.
 ) 
Here is how much of TeX's memory you used:
 6462 strings out of 493921
 96386 string characters out of 3147283
 177822 words of memory out of 3000000
 9658 multiletter control sequences out of 15000+200000
 6717 words of font info for 24 fonts, out of 3000000 for 9000
 841 hyphenation exceptions out of 8191
 29i,6n,32p,603b,920s stack positions out of 5000i,500n,10000p,200000b,50000s
<C:/Program Files/MiKTeX 2.9/fonts/type1/public/amsfonts/cm/cmbx10.pfb><C:/Pr
ogram Files/MiKTeX 2.9/fonts/type1/public/amsfonts/cm/cmbx12.pfb><C:/Program Fi
les/MiKTeX 2.9/fonts/type1/public/amsfonts/cm/cmr10.pfb><C:/Program Files/MiKTe
X 2.9/fonts/type1/public/amsfonts/cm/cmr12.pfb><C:/Program Files/MiKTeX 2.9/fon
ts/type1/public/amsfonts/cm/cmr17.pfb><C:/Program Files/MiKTeX 2.9/fonts/type1/
public/amsfonts/cm/cmsy10.pfb><C:/Program Files/MiKTeX 2.9/fonts/type1/public/a
msfonts/cm/cmti12.pfb>
Output written on Image_part.pdf (32 pages, 19666525 bytes).
PDF statistics:
 230 PDF objects out of 1000 (max. 8388607)
 56 named destinations out of 1000 (max. 500000)
 121 words of extra memory for PDF output out of 10000 (max. 10000000)

